<?xml version="1.0" encoding="UTF-8"?>
<!-- Generated by org.testng.reporters.JUnitXMLReporter -->
<testsuite ignored="0" hostname="DESKTOP-4J5DF41" failures="0" tests="3" name="Default test" time="19.85" errors="0" timestamp="2024-07-03T10:17:05 IST">
  <testcase classname="SwagLabs.SwagLabs.ClassThree" name="regression" time="6.849"/>
  <testcase classname="SwagLabs.SwagLabs.ClassThree" name="address_page_info" time="3.739"/>
  <testcase classname="SwagLabs.SwagLabs.ClassThree" name="validation_thank_you_page" time="3.525"/>
</testsuite> <!-- Default test -->
