<?xml version="1.0" encoding="UTF-8"?>
<testng-results ignored="0" total="3" passed="3" failed="0" skipped="0">
  <reporter-output>
    <line>
      <![CDATA[the browser is openend sucessfully and navigated url]]>
    </line>
    <line>
      <![CDATA[ sucessfully navigated to url and eneterd into login page ]]>
    </line>
    <line>
      <![CDATA[ sucessfully loged in sucessfully and entered into address_page_info()]]>
    </line>
    <line>
      <![CDATA[ sucessfully completed address_page_info()and entered into validation_thank_you_page() ]]>
    </line>
    <line>
      <![CDATA[ sucessfully completed validation_thank_you_page() ]]>
    </line>
    <line>
      <![CDATA[  loged out sucessfully and enterd into close_browser()page]]>
    </line>
    <line>
      <![CDATA[sucessfully close_browser()]]>
    </line>
  </reporter-output>
  <suite started-at="2024-07-03T10:16:45 IST" name="Default suite" finished-at="2024-07-03T10:17:05 IST" duration-ms="19850">
    <groups>
    </groups>
    <test started-at="2024-07-03T10:16:45 IST" name="Default test" finished-at="2024-07-03T10:17:05 IST" duration-ms="19850">
      <class name="SwagLabs.SwagLabs.ClassThree">
        <test-method is-config="true" signature="launch_browser()[pri:0, instance:SwagLabs.SwagLabs.ClassThree@54d9d12d]" started-at="2024-07-03T10:16:45 IST" name="launch_browser" finished-at="2024-07-03T10:16:50 IST" duration-ms="4998" status="PASS">
          <reporter-output>
            <line>
              <![CDATA[the browser is openend sucessfully and navigated url]]>
            </line>
          </reporter-output>
        </test-method> <!-- launch_browser -->
        <test-method signature="regression()[pri:0, instance:SwagLabs.SwagLabs.ClassThree@54d9d12d]" started-at="2024-07-03T10:16:50 IST" name="regression" finished-at="2024-07-03T10:16:57 IST" duration-ms="6849" status="PASS">
          <reporter-output>
            <line>
              <![CDATA[ sucessfully navigated to url and eneterd into login page ]]>
            </line>
          </reporter-output>
        </test-method> <!-- regression -->
        <test-method signature="address_page_info()[pri:1, instance:SwagLabs.SwagLabs.ClassThree@54d9d12d]" started-at="2024-07-03T10:16:57 IST" name="address_page_info" finished-at="2024-07-03T10:17:01 IST" duration-ms="3739" status="PASS">
          <reporter-output>
            <line>
              <![CDATA[ sucessfully loged in sucessfully and entered into address_page_info()]]>
            </line>
          </reporter-output>
        </test-method> <!-- address_page_info -->
        <test-method signature="validation_thank_you_page()[pri:2, instance:SwagLabs.SwagLabs.ClassThree@54d9d12d]" started-at="2024-07-03T10:17:01 IST" name="validation_thank_you_page" finished-at="2024-07-03T10:17:04 IST" duration-ms="3525" status="PASS">
          <reporter-output>
            <line>
              <![CDATA[ sucessfully completed address_page_info()and entered into validation_thank_you_page() ]]>
            </line>
            <line>
              <![CDATA[ sucessfully completed validation_thank_you_page() ]]>
            </line>
            <line>
              <![CDATA[  loged out sucessfully and enterd into close_browser()page]]>
            </line>
          </reporter-output>
        </test-method> <!-- validation_thank_you_page -->
        <test-method is-config="true" signature="close_browser()[pri:0, instance:SwagLabs.SwagLabs.ClassThree@54d9d12d]" started-at="2024-07-03T10:17:04 IST" name="close_browser" finished-at="2024-07-03T10:17:05 IST" duration-ms="663" status="PASS">
          <reporter-output>
            <line>
              <![CDATA[sucessfully close_browser()]]>
            </line>
          </reporter-output>
        </test-method> <!-- close_browser -->
      </class> <!-- SwagLabs.SwagLabs.ClassThree -->
    </test> <!-- Default test -->
  </suite> <!-- Default suite -->
</testng-results>
